<?xml version="1.0" encoding="UTF-8"?>
<!-- Generated by org.testng.reporters.JUnitReportReporter -->
<testsuite skipped="0" hostname="DESKTOP-J7V6JHG" name="com.cjc.listenerr.Demo_Site" tests="1" failures="0" timestamp="03 Dec 2020 09:37:44 GMT" time="0.010" errors="0">
  <testcase name="gettest1" time="0.010" classname="com.cjc.listenerr.Demo_Site"/>
</testsuite> <!-- com.cjc.listenerr.Demo_Site -->
